··• pytest compression/tests/ -v
================================== test session starts ===================================
platform linux -- Python 3.11.15, pytest-9.0.2, pluggy-1.6.0 -- /mnt/gamedisk/Python_Projects/OpenAI_Parameter_Golf_Research_Challenge/.venv/bin/python3.11
cachedir: .pytest_cache
rootdir: /mnt/gamedisk/Python_Projects/OpenAI_Parameter_Golf_Research_Challenge
plugins: anyio-4.13.0
collected 25 items

compression/tests/test_stage6.py::test_probability_sums_to_one PASSED              [  4%]
compression/tests/test_stage6.py::test_no_zero_probability PASSED                  [  8%]
compression/tests/test_stage6.py::test_bpb_below_naive PASSED                      [ 12%]
compression/tests/test_stage6.py::test_bpb_better_than_unigram PASSED              [ 16%]
compression/tests/test_stage6.py::test_model_serialise_round_trip PASSED           [ 20%]
compression/tests/test_stage7.py::test_round_trip_short PASSED                     [ 24%]
compression/tests/test_stage7.py::test_round_trip_long PASSED                      [ 28%]
compression/tests/test_stage7.py::test_high_prob_symbol_cheaper PASSED             [ 32%]
compression/tests/test_stage7.py::test_bpb_on_toy_corpus PASSED                    [ 36%]
compression/tests/test_stage7.py::test_state_serialisation PASSED                  [ 40%]
compression/tests/test_track_a.py::test_phonetic_map_complete PASSED               [ 44%]
compression/tests/test_track_a.py::test_delta_range_improvement PASSED           [ 48%]
compression/tests/test_track_a.py::test_improvement_ratio PASSED                 [ 52%]
compression/tests/test_track_a.py::test_morph_role_near_zero PASSED              [ 56%]
compression/tests/test_track_a.py::test_round_trip_encode_decode PASSED          [ 60%]
compression/tests/test_track_a.py::test_factoriadic_small_numbers PASSED         [ 64%]
compression/tests/test_track_a.py::test_special_symbols_handled PASSED           [ 68%]
compression/tests/test_track_b.py::test_morph_common_inflections PASSED          [ 72%]
compression/tests/test_track_b.py::test_morph_round_trip PASSED                  [ 76%]
compression/tests/test_track_b.py::test_morph_char_savings PASSED                [ 80%]
compression/tests/test_track_b.py::test_pos_delta_improvement PASSED             [ 84%]
compression/tests/test_track_b.py::test_tree_shape_consistent PASSED             [ 88%]
compression/tests/test_track_b.py::test_structural_round_trip PASSED             [ 92%]
compression/tests/test_track_b.py::test_sentence_meta_round_trip PASSED          [ 96%]
compression/tests/test_track_b.py::test_syntax_sentence_type PASSED              [100%]

================================== 25 passed in 2.18s ==================================
