============================= test session starts ==============================
platform linux -- Python 3.11.15, pytest-9.0.2, pluggy-1.6.0 -- /mnt/gamedisk/Python_Projects/OpenAI_Parameter_Golf_Research_Challenge/.venv/bin/python3.11
cachedir: .pytest_cache
rootdir: /mnt/gamedisk/Python_Projects/OpenAI_Parameter_Golf_Research_Challenge
plugins: anyio-4.13.0
collecting ... collected 30 items

compression/tests/test_stage6.py::test_probability_sums_to_one PASSED    [  3%]
compression/tests/test_stage6.py::test_no_zero_probability PASSED        [  6%]
compression/tests/test_stage6.py::test_bpb_below_naive PASSED            [ 10%]
compression/tests/test_stage6.py::test_bpb_better_than_unigram PASSED    [ 13%]
compression/tests/test_stage6.py::test_model_serialise_round_trip PASSED [ 16%]
compression/tests/test_stage7.py::test_round_trip_short PASSED           [ 20%]
compression/tests/test_stage7.py::test_round_trip_long PASSED            [ 23%]
compression/tests/test_stage7.py::test_high_prob_symbol_cheaper PASSED   [ 26%]
compression/tests/test_stage7.py::test_bpb_on_toy_corpus PASSED          [ 30%]
compression/tests/test_stage7.py::test_state_serialisation PASSED        [ 33%]
compression/tests/test_stage7_arithmetic.py::test_round_trip_short_uniform PASSED [ 36%]
compression/tests/test_stage7_arithmetic.py::test_round_trip_context_model PASSED [ 40%]
compression/tests/test_stage7_arithmetic.py::test_compression_ratio_validation PASSED [ 43%]
compression/tests/test_stage7_arithmetic.py::test_full_compression_pipeline PASSED [ 46%]
compression/tests/test_track_a.py::test_phonetic_map_complete PASSED     [ 50%]
compression/tests/test_track_a.py::test_delta_range_improvement PASSED   [ 53%]
compression/tests/test_track_a.py::test_improvement_ratio PASSED         [ 56%]
compression/tests/test_track_a.py::test_morph_role_near_zero PASSED      [ 60%]
compression/tests/test_track_a.py::test_round_trip_encode_decode PASSED  [ 63%]
compression/tests/test_track_a.py::test_factoriadic_small_numbers PASSED [ 66%]
compression/tests/test_track_a.py::test_special_symbols_handled PASSED   [ 70%]
compression/tests/test_track_b.py::test_morph_common_inflections PASSED  [ 73%]
compression/tests/test_track_b.py::test_morph_round_trip PASSED          [ 76%]
compression/tests/test_track_b.py::test_morph_char_savings PASSED        [ 80%]
compression/tests/test_track_b.py::test_pos_huffman_encoding PASSED      [ 83%]
compression/tests/test_track_b.py::test_frequency_sorted_index_reduces_deltas PASSED [ 86%]
compression/tests/test_track_b.py::test_tree_shape_consistent PASSED     [ 90%]
compression/tests/test_track_b.py::test_structural_round_trip PASSED     [ 93%]
compression/tests/test_track_b.py::test_sentence_meta_round_trip PASSED  [ 96%]
compression/tests/test_track_b.py::test_syntax_sentence_type PASSED      [100%]

=============================== warnings summary ===============================
.venv/lib64/python3.11/site-packages/torch/jit/_script.py:1488
  /mnt/gamedisk/Python_Projects/OpenAI_Parameter_Golf_Research_Challenge/.venv/lib64/python3.11/site-packages/torch/jit/_script.py:1488: DeprecationWarning: `torch.jit.script` is deprecated. Please switch to `torch.compile` or `torch.export`.
    warnings.warn(

-- Docs: https://docs.pytest.org/en/stable/how-to/capture-warnings.html
======================== 30 passed, 1 warning in 15.52s ========================
